
Bookモデルのテスト
  バリデーションのテスト
    titleカラム
[32m      空欄でないこと[0m
    bodyカラム
[32m      空欄でないこと[0m
[32m      200文字以下であること: 200文字は〇[0m
[32m      200文字以下であること: 201文字は×[0m
  アソシエーションのテスト
    Userモデルとの関係
[32m      N:1となっている[0m

Userモデルのテスト
  バリデーションのテスト
    nameカラム
[32m      空欄でないこと[0m
[31m      2文字以上であること: 1文字は× (FAILED - 1)[0m
[32m      2文字以上であること: 2文字は〇[0m
[32m      20文字以下であること: 20文字は〇[0m
[31m      20文字以下であること: 21文字は× (FAILED - 2)[0m
[31m      一意性があること (FAILED - 3)[0m
    introductionカラム
[32m      50文字以下であること: 50文字は〇[0m
[31m      50文字以下であること: 51文字は× (FAILED - 4)[0m
  アソシエーションのテスト
    Bookモデルとの関係
[32m      1:Nとなっている[0m

[STEP1] ユーザログイン前のテスト
  トップ画面のテスト
    表示内容の確認
[32m      URLが正しい[0m
[32m      Log inリンクが表示される: 青色のボタンの表示が「Log in」である[0m
[32m      Log inリンクの内容が正しい[0m
[32m      Sign upリンクが表示される: 緑色のボタンの表示が「Sign up」である[0m
[32m      Sign upリンクの内容が正しい[0m
  アバウト画面のテスト
    表示内容の確認
[32m      URLが正しい[0m
  ヘッダーのテスト: ログインしていない場合
    表示内容の確認
[32m      Bookersリンクが表示される: 左上から1番目のリンクが「Bookers」である[0m
[32m      Homeリンクが表示される: 左上から2番目のリンクが「Home」である[0m
[32m      Aboutリンクが表示される: 左上から3番目のリンクが「About」である[0m
[32m      Sign upリンクが表示される: 左上から4番目のリンクが「Sign up」である[0m
[32m      Log inリンクが表示される: 左上から5番目のリンクが「Log in」である[0m
    リンクの内容を確認
[32m      Bookersを押すと、トップ画面に遷移する[0m
[32m      Homeを押すと、トップ画面に遷移する[0m
[32m      Aboutを押すと、アバウト画面に遷移する[0m
[32m      Sign upを押すと、新規登録画面に遷移する[0m
[32m      Log inを押すと、ログイン画面に遷移する[0m
  ユーザ新規登録のテスト
    表示内容の確認
[32m      URLが正しい[0m
[32m      「Sign up」と表示される[0m
[32m      nameフォームが表示される[0m
[32m      emailフォームが表示される[0m
[32m      passwordフォームが表示される[0m
[32m      password_confirmationフォームが表示される[0m
[32m      Sign upボタンが表示される[0m
    新規登録成功のテスト
[31m      正しく新規登録される (FAILED - 5)[0m
[31m      新規登録後のリダイレクト先が、新規登録できたユーザの詳細画面になっている (FAILED - 6)[0m
  ユーザログイン
    表示内容の確認
[32m      URLが正しい[0m
[32m      「Log in」と表示される[0m
[32m      nameフォームが表示される[0m
[32m      passwordフォームが表示される[0m
[32m      Log inボタンが表示される[0m
[32m      emailフォームは表示されない[0m
    ログイン成功のテスト
[32m      ログイン後のリダイレクト先が、ログインしたユーザの詳細画面になっている[0m
    ログイン失敗のテスト
[32m      ログインに失敗し、ログイン画面にリダイレクトされる[0m
  ヘッダーのテスト: ログインしている場合
    ヘッダーの表示を確認
[32m      Bookersリンクが表示される: 左上から1番目のリンクが「Bookers」である[0m
[32m      Homeリンクが表示される: 左上から2番目のリンクが「Home」である[0m
[32m      Usersリンクが表示される: 左上から3番目のリンクが「Users」である[0m
[32m      Booksリンクが表示される: 左上から4番目のリンクが「Books」である[0m
[32m      Log outリンクが表示される: 左上から5番目のリンクが「Log out」である[0m
  ユーザログアウトのテスト
    ログアウト機能のテスト
[32m      正しくログアウトできている: ログアウト後のリダイレクト先においてAbout画面へのリンクが存在する[0m
[32m      ログアウト後のリダイレクト先が、トップになっている[0m

[STEP2] ユーザログイン後のテスト
  ヘッダーのテスト: ログインしている場合
    リンクの内容を確認: ※logoutは『ユーザログアウトのテスト』でテスト済みになります。
[32m      Homeを押すと、自分のユーザ詳細画面に遷移する[0m
[32m      Usersを押すと、ユーザ一覧画面に遷移する[0m
[32m      Booksを押すと、投稿一覧画面に遷移する[0m
  投稿一覧画面のテスト
    表示内容の確認
[32m      URLが正しい[0m
[31m      自分と他人の画像のリンク先が正しい (FAILED - 7)[0m
[32m      自分の投稿と他人の投稿のタイトルのリンク先がそれぞれ正しい[0m
[32m      自分の投稿と他人の投稿のオピニオンが表示される[0m
    サイドバーの確認
[32m      自分の名前と紹介文が表示される[0m
[32m      自分のユーザ編集画面へのリンクが存在する[0m
[32m      「New book」と表示される[0m
[32m      titleフォームが表示される[0m
[32m      titleフォームに値が入っていない[0m
[32m      bodyフォームが表示される[0m
[32m      bodyフォームに値が入っていない[0m
[32m      Create Bookボタンが表示される[0m
    投稿成功のテスト
[32m      自分の新しい投稿が正しく保存される[0m
[32m      リダイレクト先が、保存できた投稿の詳細画面になっている[0m
  自分の投稿詳細画面のテスト
    表示内容の確認
[32m      URLが正しい[0m
[32m      「Book detail」と表示される[0m
[32m      ユーザ画像・名前のリンク先が正しい[0m
[32m      投稿のtitleが表示される[0m
[32m      投稿のbodyが表示される[0m
[32m      投稿の編集リンクが表示される[0m
[32m      投稿の削除リンクが表示される[0m
    サイドバーの確認
[32m      自分の名前と紹介文が表示される[0m
[32m      自分のユーザ編集画面へのリンクが存在する[0m
[32m      「New book」と表示される[0m
[32m      titleフォームが表示される[0m
[32m      titleフォームに値が入っていない[0m
[32m      bodyフォームが表示される[0m
[32m      bodyフォームに値が入っていない[0m
[32m      Create Bookボタンが表示される[0m
    投稿成功のテスト
[32m      自分の新しい投稿が正しく保存される[0m
    編集リンクのテスト
[32m      編集画面に遷移する[0m
    削除リンクのテスト
[32m      application.html.erbにjavascript_pack_tagを含んでいる[0m
[32m      正しく削除される[0m
[32m      リダイレクト先が、投稿一覧画面になっている[0m
  自分の投稿編集画面のテスト
    表示の確認
[32m      URLが正しい[0m
[32m      「Editing Book」と表示される[0m
[32m      title編集フォームが表示される[0m
[32m      body編集フォームが表示される[0m
[32m      Update Bookボタンが表示される[0m
[32m      Showリンクが表示される[0m
[32m      Backリンクが表示される[0m
    編集成功のテスト
[32m      titleが正しく更新される[0m
[32m      bodyが正しく更新される[0m
[32m      リダイレクト先が、更新した投稿の詳細画面になっている[0m
  ユーザ一覧画面のテスト
    表示内容の確認
[32m      URLが正しい[0m
[32m      自分と他人の画像が表示される: fallbackの画像がサイドバーの1つ＋一覧(2人)の2つの計3つ存在する[0m
[32m      自分と他人の名前がそれぞれ表示される[0m
[32m      自分と他人のshowリンクがそれぞれ表示される[0m
    サイドバーの確認
[32m      自分の名前と紹介文が表示される[0m
[32m      自分のユーザ編集画面へのリンクが存在する[0m
[32m      「New book」と表示される[0m
[31m      titleフォームが表示される (FAILED - 8)[0m
[31m      titleフォームに値が入っていない (FAILED - 9)[0m
[31m      bodyフォームが表示される (FAILED - 10)[0m
[31m      bodyフォームに値が入っていない (FAILED - 11)[0m
[31m      Create Bookボタンが表示される (FAILED - 12)[0m
  自分のユーザ詳細画面のテスト
    表示の確認
[32m      URLが正しい[0m
[32m      投稿一覧のユーザ画像のリンク先が正しい[0m
[32m      投稿一覧に自分の投稿のtitleが表示され、リンクが正しい[0m
[32m      投稿一覧に自分の投稿のbodyが表示される[0m
[32m      他人の投稿は表示されない[0m
    サイドバーの確認
[32m      自分の名前と紹介文が表示される[0m
[32m      自分のユーザ編集画面へのリンクが存在する[0m
[32m      「New book」と表示される[0m
[32m      titleフォームが表示される[0m
[32m      titleフォームに値が入っていない[0m
[32m      bodyフォームが表示される[0m
[32m      bodyフォームに値が入っていない[0m
[32m      Create Bookボタンが表示される[0m
  自分のユーザ情報編集画面のテスト
    表示の確認
[32m      URLが正しい[0m
[32m      名前編集フォームに自分の名前が表示される[0m
[32m      画像編集フォームが表示される[0m
[32m      自己紹介編集フォームに自分の自己紹介文が表示される[0m
[32m      Update Userボタンが表示される[0m
    更新成功のテスト
[32m      nameが正しく更新される[0m
[32m      introductionが正しく更新される[0m
[32m      リダイレクト先が、自分のユーザ詳細画面になっている[0m

[STEP3] 仕上げのテスト
  サクセスメッセージのテスト
[31m    ユーザ新規登録成功時 (FAILED - 13)[0m
[32m    ユーザログイン成功時[0m
[32m    ユーザログアウト成功時[0m
[31m    ユーザのプロフィール情報更新成功時 (FAILED - 14)[0m

Failures:

  1) Userモデルのテスト バリデーションのテスト nameカラム 2文字以上であること: 1文字は×
     Failure/Error: is_expected.to eq false

       expected: false
            got: true

       (compared using ==)

       Diff:[0m
       [0m[34m@@ -1 +1 @@
       [0m[31m-false
       [0m[32m+true
       [0m
     # ./spec/models/user_spec.rb:17:in `block (4 levels) in <main>'

  2) Userモデルのテスト バリデーションのテスト nameカラム 20文字以下であること: 21文字は×
     Failure/Error: is_expected.to eq false

       expected: false
            got: true

       (compared using ==)

       Diff:[0m
       [0m[34m@@ -1 +1 @@
       [0m[31m-false
       [0m[32m+true
       [0m
     # ./spec/models/user_spec.rb:29:in `block (4 levels) in <main>'

  3) Userモデルのテスト バリデーションのテスト nameカラム 一意性があること
     Failure/Error: is_expected.to eq false

       expected: false
            got: true

       (compared using ==)

       Diff:[0m
       [0m[34m@@ -1 +1 @@
       [0m[31m-false
       [0m[32m+true
       [0m
     # ./spec/models/user_spec.rb:33:in `block (4 levels) in <main>'

  4) Userモデルのテスト バリデーションのテスト introductionカラム 50文字以下であること: 51文字は×
     Failure/Error: is_expected.to eq false

       expected: false
            got: true

       (compared using ==)

       Diff:[0m
       [0m[34m@@ -1 +1 @@
       [0m[31m-false
       [0m[32m+true
       [0m
     # ./spec/models/user_spec.rb:44:in `block (4 levels) in <main>'

  5) [STEP1] ユーザログイン前のテスト ユーザ新規登録のテスト 新規登録成功のテスト 正しく新規登録される
     Failure/Error: expect { click_button 'Sign up' }.to change(User.all, :count).by(1)
       expected `User::ActiveRecord_Relation#count` to have changed by 1, but was changed by 0
     # ./spec/system/01_before_login_spec.rb:148:in `block (4 levels) in <main>'

  6) [STEP1] ユーザログイン前のテスト ユーザ新規登録のテスト 新規登録成功のテスト 新規登録後のリダイレクト先が、新規登録できたユーザの詳細画面になっている
     Failure/Error: expect(current_path).to eq '/users/' + User.last.id.to_s

     NoMethodError:
       undefined method `id' for nil:NilClass

               expect(current_path).to eq '/users/' + User.last.id.to_s
                                                               ^^^
     # ./spec/system/01_before_login_spec.rb:152:in `block (4 levels) in <main>'

  7) [STEP2] ユーザログイン後のテスト 投稿一覧画面のテスト 表示内容の確認 自分と他人の画像のリンク先が正しい
     Failure/Error: expect(page).to have_link '', href: user_path(other_book.user)
       expected to find link "" with href "/users/1" but there were no matches
     # ./spec/system/02_after_login_spec.rb:52:in `block (4 levels) in <main>'

  8) [STEP2] ユーザログイン後のテスト ユーザ一覧画面のテスト サイドバーの確認 titleフォームが表示される
     Failure/Error: expect(page).to have_field 'book[title]'
       expected to find field "book[title]" that is not disabled but there were no matches
     # ./spec/system/02_after_login_spec.rb:292:in `block (4 levels) in <main>'

  9) [STEP2] ユーザログイン後のテスト ユーザ一覧画面のテスト サイドバーの確認 titleフォームに値が入っていない
     Failure/Error: expect(find_field('book[title]').text).to be_blank

     Capybara::ElementNotFound:
       Unable to find field "book[title]" that is not disabled
     # /home/ec2-user/.rvm/gems/ruby-3.1.2/gems/capybara-3.38.0/lib/capybara/node/finders.rb:310:in `block in synced_resolve'
     # /home/ec2-user/.rvm/gems/ruby-3.1.2/gems/capybara-3.38.0/lib/capybara/node/base.rb:84:in `synchronize'
     # /home/ec2-user/.rvm/gems/ruby-3.1.2/gems/capybara-3.38.0/lib/capybara/node/finders.rb:299:in `synced_resolve'
     # /home/ec2-user/.rvm/gems/ruby-3.1.2/gems/capybara-3.38.0/lib/capybara/node/finders.rb:60:in `find'
     # /home/ec2-user/.rvm/gems/ruby-3.1.2/gems/capybara-3.38.0/lib/capybara/node/finders.rb:136:in `find_field'
     # /home/ec2-user/.rvm/gems/ruby-3.1.2/gems/capybara-3.38.0/lib/capybara/session.rb:773:in `find_field'
     # /home/ec2-user/.rvm/gems/ruby-3.1.2/gems/capybara-3.38.0/lib/capybara/dsl.rb:52:in `call'
     # /home/ec2-user/.rvm/gems/ruby-3.1.2/gems/capybara-3.38.0/lib/capybara/dsl.rb:52:in `find_field'
     # ./spec/system/02_after_login_spec.rb:295:in `block (4 levels) in <main>'

  10) [STEP2] ユーザログイン後のテスト ユーザ一覧画面のテスト サイドバーの確認 bodyフォームが表示される
      Failure/Error: expect(page).to have_field 'book[body]'
        expected to find field "book[body]" that is not disabled but there were no matches
      # ./spec/system/02_after_login_spec.rb:298:in `block (4 levels) in <main>'

  11) [STEP2] ユーザログイン後のテスト ユーザ一覧画面のテスト サイドバーの確認 bodyフォームに値が入っていない
      Failure/Error: expect(find_field('book[body]').text).to be_blank

      Capybara::ElementNotFound:
        Unable to find field "book[body]" that is not disabled
      # /home/ec2-user/.rvm/gems/ruby-3.1.2/gems/capybara-3.38.0/lib/capybara/node/finders.rb:310:in `block in synced_resolve'
      # /home/ec2-user/.rvm/gems/ruby-3.1.2/gems/capybara-3.38.0/lib/capybara/node/base.rb:84:in `synchronize'
      # /home/ec2-user/.rvm/gems/ruby-3.1.2/gems/capybara-3.38.0/lib/capybara/node/finders.rb:299:in `synced_resolve'
      # /home/ec2-user/.rvm/gems/ruby-3.1.2/gems/capybara-3.38.0/lib/capybara/node/finders.rb:60:in `find'
      # /home/ec2-user/.rvm/gems/ruby-3.1.2/gems/capybara-3.38.0/lib/capybara/node/finders.rb:136:in `find_field'
      # /home/ec2-user/.rvm/gems/ruby-3.1.2/gems/capybara-3.38.0/lib/capybara/session.rb:773:in `find_field'
      # /home/ec2-user/.rvm/gems/ruby-3.1.2/gems/capybara-3.38.0/lib/capybara/dsl.rb:52:in `call'
      # /home/ec2-user/.rvm/gems/ruby-3.1.2/gems/capybara-3.38.0/lib/capybara/dsl.rb:52:in `find_field'
      # ./spec/system/02_after_login_spec.rb:301:in `block (4 levels) in <main>'

  12) [STEP2] ユーザログイン後のテスト ユーザ一覧画面のテスト サイドバーの確認 Create Bookボタンが表示される
      Failure/Error: expect(page).to have_button 'Create Book'
        expected to find button "Create Book" that is not disabled but there were no matches
      # ./spec/system/02_after_login_spec.rb:304:in `block (4 levels) in <main>'

  13) [STEP3] 仕上げのテスト サクセスメッセージのテスト ユーザ新規登録成功時
      Failure/Error: is_expected.to have_content 'successfully'
        expected to find text "successfully" in "Bookers\nHome About Sign up Log in\nSign up\n1 error prohibited this user from being saved:\nEmail can't be blank\nName\nEmail\nPassword (6 characters minimum)\nPassword confirmation\nLog in\nCopyright infratop.inc"
      # ./spec/system/03_finishing_touches_spec.rb:19:in `block (3 levels) in <main>'

  14) [STEP3] 仕上げのテスト サクセスメッセージのテスト ユーザのプロフィール情報更新成功時
      Failure/Error: is_expected.to have_content 'successfully'
        expected to find text "successfully" in "Bookers\nHome Users Books Log out\nUser info\nname 0c92djklwt introduction bj652lp8ixict39fkb9h\nNew book\nTitle\nOpinion\nBooks\nTitle Opinion sj49q 98qvo4q5morfn5wkuzqm\nCopyright infratop.inc"
      # ./spec/system/03_finishing_touches_spec.rb:45:in `block (3 levels) in <main>'

Finished in 33.2 seconds (files took 1.41 seconds to load)
139 examples, 14 failures

Failed examples:

rspec ./spec/models/user_spec.rb:15 # Userモデルのテスト バリデーションのテスト nameカラム 2文字以上であること: 1文字は×
rspec ./spec/models/user_spec.rb:27 # Userモデルのテスト バリデーションのテスト nameカラム 20文字以下であること: 21文字は×
rspec ./spec/models/user_spec.rb:31 # Userモデルのテスト バリデーションのテスト nameカラム 一意性があること
rspec ./spec/models/user_spec.rb:42 # Userモデルのテスト バリデーションのテスト introductionカラム 50文字以下であること: 51文字は×
rspec ./spec/system/01_before_login_spec.rb:147 # [STEP1] ユーザログイン前のテスト ユーザ新規登録のテスト 新規登録成功のテスト 正しく新規登録される
rspec ./spec/system/01_before_login_spec.rb:150 # [STEP1] ユーザログイン前のテスト ユーザ新規登録のテスト 新規登録成功のテスト 新規登録後のリダイレクト先が、新規登録できたユーザの詳細画面になっている
rspec ./spec/system/02_after_login_spec.rb:50 # [STEP2] ユーザログイン後のテスト 投稿一覧画面のテスト 表示内容の確認 自分と他人の画像のリンク先が正しい
rspec ./spec/system/02_after_login_spec.rb:291 # [STEP2] ユーザログイン後のテスト ユーザ一覧画面のテスト サイドバーの確認 titleフォームが表示される
rspec ./spec/system/02_after_login_spec.rb:294 # [STEP2] ユーザログイン後のテスト ユーザ一覧画面のテスト サイドバーの確認 titleフォームに値が入っていない
rspec ./spec/system/02_after_login_spec.rb:297 # [STEP2] ユーザログイン後のテスト ユーザ一覧画面のテスト サイドバーの確認 bodyフォームが表示される
rspec ./spec/system/02_after_login_spec.rb:300 # [STEP2] ユーザログイン後のテスト ユーザ一覧画面のテスト サイドバーの確認 bodyフォームに値が入っていない
rspec ./spec/system/02_after_login_spec.rb:303 # [STEP2] ユーザログイン後のテスト ユーザ一覧画面のテスト サイドバーの確認 Create Bookボタンが表示される
rspec ./spec/system/03_finishing_touches_spec.rb:12 # [STEP3] 仕上げのテスト サクセスメッセージのテスト ユーザ新規登録成功時
rspec ./spec/system/03_finishing_touches_spec.rb:38 # [STEP3] 仕上げのテスト サクセスメッセージのテスト ユーザのプロフィール情報更新成功時

